2022-08-10 13:59:58,972 [restartedMain] INFO  demo.task.TaskApplication - Starting TaskApplication using Java 14.0.2 on LAPTOP-3DDI6OKP with PID 25596 (C:\Users\altuk\IdeaProjects\DemoTask\target\classes started by altuk in C:\Users\altuk\IdeaProjects\DemoTask) 
2022-08-10 13:59:58,972 [restartedMain] DEBUG demo.task.TaskApplication - Running with Spring Boot v2.7.2, Spring v5.3.22 
2022-08-10 13:59:58,973 [restartedMain] INFO  demo.task.TaskApplication - No active profile set, falling back to 1 default profile: "default" 
2022-08-10 13:59:59,823 [restartedMain] INFO  demo.task.TaskApplication - Started TaskApplication in 1.122 seconds (JVM running for 1.542) 
2022-08-10 14:00:38,524 [restartedMain] INFO  demo.task.TaskApplication - Starting TaskApplication using Java 14.0.2 on LAPTOP-3DDI6OKP with PID 24852 (C:\Users\altuk\IdeaProjects\DemoTask\target\classes started by altuk in C:\Users\altuk\IdeaProjects\DemoTask) 
2022-08-10 14:00:38,524 [restartedMain] DEBUG demo.task.TaskApplication - Running with Spring Boot v2.7.2, Spring v5.3.22 
2022-08-10 14:00:38,525 [restartedMain] INFO  demo.task.TaskApplication - No active profile set, falling back to 1 default profile: "default" 
2022-08-10 14:00:39,453 [restartedMain] INFO  demo.task.TaskApplication - Started TaskApplication in 1.203 seconds (JVM running for 1.588) 
2022-08-10 14:00:41,961 [pool-1-thread-4] WARN  demo.task.service.Parser - Couldn't parse videoData object because of java.lang.NullPointerException 
2022-08-10 14:00:41,961 [pool-1-thread-1] WARN  demo.task.service.Parser - Couldn't parse videoData object because of java.lang.NullPointerException 
2022-08-10 14:00:41,961 [pool-1-thread-3] WARN  demo.task.service.Parser - Couldn't parse videoData object because of java.lang.NullPointerException 
2022-08-10 14:00:41,961 [pool-1-thread-2] WARN  demo.task.service.Parser - Couldn't parse videoData object because of java.lang.NullPointerException 
2022-08-10 14:01:17,848 [restartedMain] INFO  demo.task.TaskApplication - Starting TaskApplication using Java 14.0.2 on LAPTOP-3DDI6OKP with PID 14088 (C:\Users\altuk\IdeaProjects\DemoTask\target\classes started by altuk in C:\Users\altuk\IdeaProjects\DemoTask) 
2022-08-10 14:01:17,848 [restartedMain] DEBUG demo.task.TaskApplication - Running with Spring Boot v2.7.2, Spring v5.3.22 
2022-08-10 14:01:17,849 [restartedMain] INFO  demo.task.TaskApplication - No active profile set, falling back to 1 default profile: "default" 
2022-08-10 14:01:18,698 [restartedMain] INFO  demo.task.TaskApplication - Started TaskApplication in 1.127 seconds (JVM running for 1.509) 
2022-08-10 14:07:04,847 [main] INFO  d.t.c.AggregatorControllerTest - Starting AggregatorControllerTest using Java 14.0.2 on LAPTOP-3DDI6OKP with PID 23416 (started by altuk in C:\Users\altuk\IdeaProjects\DemoTask) 
2022-08-10 14:07:04,848 [main] DEBUG d.t.c.AggregatorControllerTest - Running with Spring Boot v2.7.2, Spring v5.3.22 
2022-08-10 14:07:04,849 [main] INFO  d.t.c.AggregatorControllerTest - No active profile set, falling back to 1 default profile: "default" 
2022-08-10 14:07:06,381 [main] INFO  d.t.c.AggregatorControllerTest - Started AggregatorControllerTest in 1.827 seconds (JVM running for 2.76) 
2022-08-10 14:07:11,080 [main] INFO  demo.task.service.ParserTest - Starting ParserTest using Java 14.0.2 on LAPTOP-3DDI6OKP with PID 24504 (started by altuk in C:\Users\altuk\IdeaProjects\DemoTask) 
2022-08-10 14:07:11,081 [main] DEBUG demo.task.service.ParserTest - Running with Spring Boot v2.7.2, Spring v5.3.22 
2022-08-10 14:07:11,082 [main] INFO  demo.task.service.ParserTest - No active profile set, falling back to 1 default profile: "default" 
2022-08-10 14:07:12,762 [main] INFO  demo.task.service.ParserTest - Started ParserTest in 1.969 seconds (JVM running for 2.92) 
2022-08-10 14:07:12,866 [main] WARN  demo.task.service.Parser - Couldn't parse videoData object because of java.lang.NullPointerException 
2022-08-10 17:17:27,724 [restartedMain] INFO  demo.task.TaskApplication - Starting TaskApplication using Java 14.0.2 on LAPTOP-3DDI6OKP with PID 4816 (C:\Users\altuk\IdeaProjects\DemoTask\target\classes started by altuk in C:\Users\altuk\IdeaProjects\DemoTask) 
2022-08-10 17:17:27,725 [restartedMain] DEBUG demo.task.TaskApplication - Running with Spring Boot v2.7.2, Spring v5.3.22 
2022-08-10 17:17:27,726 [restartedMain] INFO  demo.task.TaskApplication - No active profile set, falling back to 1 default profile: "default" 
2022-08-10 17:17:28,749 [restartedMain] INFO  demo.task.TaskApplication - Started TaskApplication in 1.33 seconds (JVM running for 1.606) 
2022-08-10 17:18:21,919 [restartedMain] INFO  demo.task.TaskApplication - Starting TaskApplication using Java 14.0.2 on LAPTOP-3DDI6OKP with PID 12708 (C:\Users\altuk\IdeaProjects\DemoTask\target\classes started by altuk in C:\Users\altuk\IdeaProjects\DemoTask) 
2022-08-10 17:18:21,919 [restartedMain] DEBUG demo.task.TaskApplication - Running with Spring Boot v2.7.2, Spring v5.3.22 
2022-08-10 17:18:21,920 [restartedMain] INFO  demo.task.TaskApplication - No active profile set, falling back to 1 default profile: "default" 
2022-08-10 17:18:22,874 [restartedMain] INFO  demo.task.TaskApplication - Started TaskApplication in 1.228 seconds (JVM running for 1.488) 
2022-08-10 17:19:03,689 [main] INFO  d.t.c.AggregatorControllerTest - Starting AggregatorControllerTest using Java 14.0.2 on LAPTOP-3DDI6OKP with PID 18084 (started by altuk in C:\Users\altuk\IdeaProjects\DemoTask) 
2022-08-10 17:19:03,690 [main] DEBUG d.t.c.AggregatorControllerTest - Running with Spring Boot v2.7.2, Spring v5.3.22 
2022-08-10 17:19:03,691 [main] INFO  d.t.c.AggregatorControllerTest - No active profile set, falling back to 1 default profile: "default" 
2022-08-10 17:19:05,329 [main] INFO  d.t.c.AggregatorControllerTest - Started AggregatorControllerTest in 1.953 seconds (JVM running for 2.971) 
2022-08-10 17:19:10,920 [main] INFO  demo.task.service.ParserTest - Starting ParserTest using Java 14.0.2 on LAPTOP-3DDI6OKP with PID 19972 (started by altuk in C:\Users\altuk\IdeaProjects\DemoTask) 
2022-08-10 17:19:10,921 [main] DEBUG demo.task.service.ParserTest - Running with Spring Boot v2.7.2, Spring v5.3.22 
2022-08-10 17:19:10,921 [main] INFO  demo.task.service.ParserTest - No active profile set, falling back to 1 default profile: "default" 
2022-08-10 17:19:12,976 [main] INFO  demo.task.service.ParserTest - Started ParserTest in 2.446 seconds (JVM running for 3.646) 
2022-08-10 17:19:13,113 [main] WARN  demo.task.service.Parser - Couldn't parse videoData object because of java.lang.NullPointerException 
2022-08-10 17:20:03,648 [restartedMain] INFO  demo.task.TaskApplication - Starting TaskApplication using Java 14.0.2 on LAPTOP-3DDI6OKP with PID 25536 (C:\Users\altuk\IdeaProjects\DemoTask\target\classes started by altuk in C:\Users\altuk\IdeaProjects\DemoTask) 
2022-08-10 17:20:03,649 [restartedMain] DEBUG demo.task.TaskApplication - Running with Spring Boot v2.7.2, Spring v5.3.22 
2022-08-10 17:20:03,649 [restartedMain] INFO  demo.task.TaskApplication - No active profile set, falling back to 1 default profile: "default" 
2022-08-10 17:20:04,547 [restartedMain] INFO  demo.task.TaskApplication - Started TaskApplication in 1.176 seconds (JVM running for 1.614) 
